<?xml version="1.0" encoding="UTF-8"?>
<!-- Generated by org.testng.reporters.JUnitReportReporter -->
<testsuite hostname="DESKTOP-M50R0NV" failures="0" tests="1" name="com.nextcare.tests.TC_Claims_017" time="35.242" errors="0" timestamp="2023-02-22T15:39:11 IST" skipped="0">
  <testcase classname="com.nextcare.tests.TC_Claims_017" name="TC_Claims_017_verifyDropdwnValuesOfClaimStatusDropdown" time="35.242"/>
  <system-out/>
</testsuite> <!-- com.nextcare.tests.TC_Claims_017 -->
