<?xml version="1.0" encoding="UTF-8"?>
<!-- Generated by org.testng.reporters.JUnitReportReporter -->
<testsuite hostname="DESKTOP-M50R0NV" failures="0" tests="5" name="com.nextcare.tests.TC_Claims_010" time="41.730" errors="0" timestamp="2023-02-22T18:56:27 IST" skipped="4">
  <testcase classname="com.nextcare.tests.TC_Claims_010" name="TC_Claims_014_verifyAllfieldsOfServiceDetailsFormOfNewPreApprovalTab" time="41.730"/>
  <system-out/>
  <testcase classname="com.nextcare.tests.TC_Claims_010" name="TC_Claims_013_verifyDropdwnValuesOfClaimStatusDropdownOfNewPreApprovalTab">
    <skipped/>
  </testcase> <!-- TC_Claims_013_verifyDropdwnValuesOfClaimStatusDropdownOfNewPreApprovalTab -->
  <system-out/>
  <testcase classname="com.nextcare.tests.TC_Claims_010" name="TC_Claims_010_verifyDropdwnValuesOfClaimStatusDropdownOfEditPreApprovalTab">
    <skipped/>
  </testcase> <!-- TC_Claims_010_verifyDropdwnValuesOfClaimStatusDropdownOfEditPreApprovalTab -->
  <system-out/>
  <testcase classname="com.nextcare.tests.TC_Claims_010" name="TC_Claims_012_verifyUserNavigatesToNewApprovalPage">
    <skipped/>
  </testcase> <!-- TC_Claims_012_verifyUserNavigatesToNewApprovalPage -->
  <system-out/>
  <testcase classname="com.nextcare.tests.TC_Claims_010" name="TC_Claims_015_verifyUserNavigatesToSearchClaimPage">
    <skipped/>
  </testcase> <!-- TC_Claims_015_verifyUserNavigatesToSearchClaimPage -->
  <system-out/>
</testsuite> <!-- com.nextcare.tests.TC_Claims_010 -->
