<?xml version="1.0" encoding="UTF-8"?>
<!-- Generated by org.testng.reporters.JUnitReportReporter -->
<testsuite hostname="DESKTOP-M50R0NV" failures="0" tests="5" name="com.nextcare.tests.EditPreApprovalValidationsTest" time="201.423" errors="0" timestamp="2023-02-22T15:39:11 IST" skipped="0">
  <testcase classname="com.nextcare.tests.EditPreApprovalValidationsTest" name="TC_Claims_011_verifyUserNavigationToEditPreApprovaPage" time="32.070"/>
  <system-out/>
  <testcase classname="com.nextcare.tests.EditPreApprovalValidationsTest" name="TC_Claims_012_verifyInvalidClaimReferenceSearch" time="30.664"/>
  <system-out/>
  <testcase classname="com.nextcare.tests.EditPreApprovalValidationsTest" name="TC_Claims_013_TC_Claims_014_VerifySearchWithValidClaimReference" time="45.731"/>
  <system-out/>
  <testcase classname="com.nextcare.tests.EditPreApprovalValidationsTest" name="TC_Claims_015_VerifySearchWithValidClaimReferenceAndMakeNewPlan" time="46.836"/>
  <system-out/>
  <testcase classname="com.nextcare.tests.EditPreApprovalValidationsTest" name="TC_Claims_016_VerifySearchWithValidClaimReferenceAndCopyPlan" time="46.122"/>
  <system-out/>
</testsuite> <!-- com.nextcare.tests.EditPreApprovalValidationsTest -->
