<?xml version="1.0" encoding="UTF-8"?>
<!-- Generated by org.testng.reporters.JUnitReportReporter -->
<testsuite hostname="DESKTOP-4QAPIM6" failures="0" tests="1" name="com.nextcare.tests.TC_CheckStatusOfCourse" time="45.576" errors="0" timestamp="2023-09-18T19:35:28 IST" skipped="0">
  <testcase classname="com.nextcare.tests.TC_CheckStatusOfCourse" name="ValidatingStatusOfCourse" time="45.576"/>
  <system-out/>
</testsuite> <!-- com.nextcare.tests.TC_CheckStatusOfCourse -->
