<?xml version="1.0" encoding="UTF-8"?>
<!-- Generated by org.testng.reporters.JUnitReportReporter -->
<testsuite hostname="DESKTOP-4QAPIM6" failures="0" tests="1" name="com.nextcare.tests.TC_CreateCourseHownow" time="82.895" errors="0" timestamp="2023-09-18T19:28:21 IST" skipped="0">
  <testcase classname="com.nextcare.tests.TC_CreateCourseHownow" name="ValidatecourseCreated" time="82.895"/>
  <system-out/>
</testsuite> <!-- com.nextcare.tests.TC_CreateCourseHownow -->
