<?xml version="1.0" encoding="UTF-8"?>
<!-- Generated by org.testng.reporters.JUnitReportReporter -->
<testsuite hostname="DESKTOP-4QAPIM6" failures="0" tests="1" name="com.nextcare.tests.LoginTestHownow" time="41.143" errors="0" timestamp="2023-09-15T14:09:48 IST" skipped="0">
  <testcase classname="com.nextcare.tests.LoginTestHownow" name="TC_VerifyuserIsonLoginPage" time="41.143"/>
  <system-out/>
</testsuite> <!-- com.nextcare.tests.LoginTestHownow -->
