<?xml version="1.0" encoding="UTF-8"?>
<!-- Generated by org.testng.reporters.JUnitReportReporter -->
<testsuite hostname="DESKTOP-4QAPIM6" failures="0" tests="1" name="com.HowNow.tests.TC_CompleteCourse" time="79.901" errors="0" timestamp="2023-09-20T11:23:50 IST" skipped="0">
  <testcase classname="com.HowNow.tests.TC_CompleteCourse" name="ValidatingcourseCompleted" time="79.901"/>
  <system-out/>
</testsuite> <!-- com.HowNow.tests.TC_CompleteCourse -->
