<?xml version="1.0" encoding="UTF-8"?>
<!-- Generated by org.testng.reporters.JUnitReportReporter -->
<testsuite hostname="DESKTOP-M50R0NV" failures="0" tests="1" name="com.nextcare.tests.TC_Claims_18" time="43.804" errors="0" timestamp="2023-02-21T19:06:20 IST" skipped="0">
  <testcase classname="com.nextcare.tests.TC_Claims_18" name="TC_Appointments_018_verifyAllfieldsOfServiceDetailsForm" time="43.804"/>
  <system-out/>
</testsuite> <!-- com.nextcare.tests.TC_Claims_18 -->
